This is pdfTeX, Version 3.141592653-2.6-1.40.26 (TeX Live 2024/nixos.org) (preloaded format=pdflatex 1980.1.1)  22 JAN 2025 11:30
entering extended mode
 \write18 enabled.
 file:line:error style messages enabled.
 %&-line parsing enabled.
**_main
(./_main.tex
LaTeX2e <2024-06-01> patch level 2
L3 programming layer <2024-10-09>
(./protocol.cls
Document Class: protocol 

(/nix/store/i2s49waishb1jvimnrskvf6q0pdpfx46-texlive-2024-env-texmfdist/tex/lat
ex/base/article.cls
Document Class: article 2024/02/08 v1.4n Standard LaTeX document class

(/nix/store/i2s49waishb1jvimnrskvf6q0pdpfx46-texlive-2024-env-texmfdist/tex/lat
ex/base/size11.clo
File: size11.clo 2024/02/08 v1.4n Standard LaTeX file (size option)
)
\c@part=\count194
\c@section=\count195
\c@subsection=\count196
\c@subsubsection=\count197
\c@paragraph=\count198
\c@subparagraph=\count199
\c@figure=\count266
\c@table=\count267
\abovecaptionskip=\skip49
\belowcaptionskip=\skip50
\bibindent=\dimen141
)
(/nix/store/i2s49waishb1jvimnrskvf6q0pdpfx46-texlive-2024-env-texmfdist/tex/lat
ex/crimson/crimson.sty
Package: crimson 2022/09/30 (Bob Tennent) Supports crimson fonts for all LaTeX 
engines. 

(/nix/store/i2s49waishb1jvimnrskvf6q0pdpfx46-texlive-2024-env-texmfdist/tex/gen
eric/iftex/ifxetex.sty
Package: ifxetex 2019/10/25 v0.7 ifxetex legacy package. Use iftex instead.

(/nix/store/i2s49waishb1jvimnrskvf6q0pdpfx46-texlive-2024-env-texmfdist/tex/gen
eric/iftex/iftex.sty
Package: iftex 2022/02/03 v1.0f TeX engine tests
))
(/nix/store/i2s49waishb1jvimnrskvf6q0pdpfx46-texlive-2024-env-texmfdist/tex/gen
eric/iftex/ifluatex.sty
Package: ifluatex 2019/10/25 v1.5 ifluatex legacy package. Use iftex instead.
)
(/nix/store/i2s49waishb1jvimnrskvf6q0pdpfx46-texlive-2024-env-texmfdist/tex/lat
ex/base/textcomp.sty
Package: textcomp 2024/04/24 v2.1b Standard LaTeX package
)
(/nix/store/i2s49waishb1jvimnrskvf6q0pdpfx46-texlive-2024-env-texmfdist/tex/lat
ex/xkeyval/xkeyval.sty
Package: xkeyval 2022/06/16 v2.9 package option processing (HA)

(/nix/store/i2s49waishb1jvimnrskvf6q0pdpfx46-texlive-2024-env-texmfdist/tex/gen
eric/xkeyval/xkeyval.tex
(/nix/store/i2s49waishb1jvimnrskvf6q0pdpfx46-texlive-2024-env-texmfdist/tex/gen
eric/xkeyval/xkvutils.tex
\XKV@toks=\toks17
\XKV@tempa@toks=\toks18

(/nix/store/i2s49waishb1jvimnrskvf6q0pdpfx46-texlive-2024-env-texmfdist/tex/gen
eric/xkeyval/keyval.tex))
\XKV@depth=\count268
File: xkeyval.tex 2014/12/03 v2.7a key=value parser (HA)
))
(/nix/store/i2s49waishb1jvimnrskvf6q0pdpfx46-texlive-2024-env-texmfdist/tex/lat
ex/base/fontenc.sty
Package: fontenc 2021/04/29 v2.0v Standard LaTeX package
)
(/nix/store/i2s49waishb1jvimnrskvf6q0pdpfx46-texlive-2024-env-texmfdist/tex/lat
ex/fontaxes/fontaxes.sty
Package: fontaxes 2020/07/21 v1.0e Font selection axes
LaTeX Info: Redefining \upshape on input line 29.
LaTeX Info: Redefining \itshape on input line 31.
LaTeX Info: Redefining \slshape on input line 33.
LaTeX Info: Redefining \swshape on input line 35.
LaTeX Info: Redefining \scshape on input line 37.
LaTeX Info: Redefining \sscshape on input line 39.
LaTeX Info: Redefining \ulcshape on input line 41.
LaTeX Info: Redefining \textsw on input line 47.
LaTeX Info: Redefining \textssc on input line 48.
LaTeX Info: Redefining \textulc on input line 49.
))
(/nix/store/i2s49waishb1jvimnrskvf6q0pdpfx46-texlive-2024-env-texmfdist/tex/lat
ex/inconsolata/inconsolata.sty
Package: inconsolata 2019/05/17 v1.12
`inconsolata-zi4' v1.12, 2019/05/17 Text macros for Inconsolata (msharpe)
\zifour@ocount=\count269
)
(/nix/store/i2s49waishb1jvimnrskvf6q0pdpfx46-texlive-2024-env-texmfdist/tex/lat
ex/a4wide/a4wide.sty
Package: a4wide 1994/08/30

(/nix/store/i2s49waishb1jvimnrskvf6q0pdpfx46-texlive-2024-env-texmfdist/tex/lat
ex/ntgclass/a4.sty
Package: a4 2023/01/10 v1.2g A4 based page layout
))
(/nix/store/i2s49waishb1jvimnrskvf6q0pdpfx46-texlive-2024-env-texmfdist/tex/lat
ex/geometry/geometry.sty
Package: geometry 2020/01/02 v5.9 Page Geometry

(/nix/store/i2s49waishb1jvimnrskvf6q0pdpfx46-texlive-2024-env-texmfdist/tex/gen
eric/iftex/ifvtex.sty
Package: ifvtex 2019/10/25 v1.7 ifvtex legacy package. Use iftex instead.
)
\Gm@cnth=\count270
\Gm@cntv=\count271
\c@Gm@tempcnt=\count272
\Gm@bindingoffset=\dimen142
\Gm@wd@mp=\dimen143
\Gm@odd@mp=\dimen144
\Gm@even@mp=\dimen145
\Gm@layoutwidth=\dimen146
\Gm@layoutheight=\dimen147
\Gm@layouthoffset=\dimen148
\Gm@layoutvoffset=\dimen149
\Gm@dimlist=\toks19
)
(/nix/store/i2s49waishb1jvimnrskvf6q0pdpfx46-texlive-2024-env-texmfdist/tex/lat
ex/ccicons/ccicons.sty
Package: ccicons 2017/10/30 v1.6 LaTeX support for Creative Commons icons
)
(/nix/store/i2s49waishb1jvimnrskvf6q0pdpfx46-texlive-2024-env-texmfdist/tex/lat
ex/base/fontenc.sty
Package: fontenc 2021/04/29 v2.0v Standard LaTeX package
LaTeX Font Info:    Trying to load font information for T1+Crimson-TLF on input
 line 116.

(/nix/store/i2s49waishb1jvimnrskvf6q0pdpfx46-texlive-2024-env-texmfdist/tex/lat
ex/crimson/T1Crimson-TLF.fd
File: T1Crimson-TLF.fd 2016/02/19 (autoinst) Font definitions for T1/Crimson-TL
F.
)
LaTeX Font Info:    Font shape `T1/Crimson-TLF/m/n' will be
(Font)              scaled to size 10.95pt on input line 116.
)
(/nix/store/i2s49waishb1jvimnrskvf6q0pdpfx46-texlive-2024-env-texmfdist/tex/lat
ex/base/inputenc.sty
Package: inputenc 2024/02/08 v1.3d Input encoding file
\inpenc@prehook=\toks20
\inpenc@posthook=\toks21
)
(/nix/store/i2s49waishb1jvimnrskvf6q0pdpfx46-texlive-2024-env-texmfdist/tex/lat
ex/csquotes/csquotes.sty
Package: csquotes 2024-04-04 v5.2o context-sensitive quotations (JAW)

(/nix/store/i2s49waishb1jvimnrskvf6q0pdpfx46-texlive-2024-env-texmfdist/tex/lat
ex/etoolbox/etoolbox.sty
Package: etoolbox 2020/10/05 v2.5k e-TeX tools for LaTeX (JAW)
\etb@tempcnta=\count273
)
\csq@reset=\count274
\csq@gtype=\count275
\csq@glevel=\count276
\csq@qlevel=\count277
\csq@maxlvl=\count278
\csq@tshold=\count279
\csq@ltx@everypar=\toks22

(/nix/store/i2s49waishb1jvimnrskvf6q0pdpfx46-texlive-2024-env-texmfdist/tex/lat
ex/csquotes/csquotes.def
File: csquotes.def 2024-04-04 v5.2o csquotes generic definitions (JAW)
)
Package csquotes Info: Trying to load configuration file 'csquotes.cfg'...
Package csquotes Info: ... configuration file loaded successfully.

(/nix/store/i2s49waishb1jvimnrskvf6q0pdpfx46-texlive-2024-env-texmfdist/tex/lat
ex/csquotes/csquotes.cfg
File: csquotes.cfg 
))
(/nix/store/i2s49waishb1jvimnrskvf6q0pdpfx46-texlive-2024-env-texmfdist/tex/lat
ex/amsfonts/amssymb.sty
Package: amssymb 2013/01/14 v3.01 AMS font symbols

(/nix/store/i2s49waishb1jvimnrskvf6q0pdpfx46-texlive-2024-env-texmfdist/tex/lat
ex/amsfonts/amsfonts.sty
Package: amsfonts 2013/01/14 v3.01 Basic AMSFonts support
\@emptytoks=\toks23
\symAMSa=\mathgroup4
\symAMSb=\mathgroup5
LaTeX Font Info:    Redeclaring math symbol \hbar on input line 98.
LaTeX Font Info:    Overwriting math alphabet `\mathfrak' in version `bold'
(Font)                  U/euf/m/n --> U/euf/b/n on input line 106.
))
(/nix/store/i2s49waishb1jvimnrskvf6q0pdpfx46-texlive-2024-env-texmfdist/tex/lat
ex/mathtools/mathtools.sty
Package: mathtools 2024/10/04 v1.31 mathematical typesetting tools

(/nix/store/i2s49waishb1jvimnrskvf6q0pdpfx46-texlive-2024-env-texmfdist/tex/lat
ex/tools/calc.sty
Package: calc 2023/07/08 v4.3 Infix arithmetic (KKT,FJ)
\calc@Acount=\count280
\calc@Bcount=\count281
\calc@Adimen=\dimen150
\calc@Bdimen=\dimen151
\calc@Askip=\skip51
\calc@Bskip=\skip52
LaTeX Info: Redefining \setlength on input line 80.
LaTeX Info: Redefining \addtolength on input line 81.
\calc@Ccount=\count282
\calc@Cskip=\skip53
)
(/nix/store/i2s49waishb1jvimnrskvf6q0pdpfx46-texlive-2024-env-texmfdist/tex/lat
ex/mathtools/mhsetup.sty
Package: mhsetup 2021/03/18 v1.4 programming setup (MH)
)
(/nix/store/i2s49waishb1jvimnrskvf6q0pdpfx46-texlive-2024-env-texmfdist/tex/lat
ex/amsmath/amsmath.sty
Package: amsmath 2024/05/23 v2.17q AMS math features
\@mathmargin=\skip54
For additional information on amsmath, use the `?' option.

(/nix/store/i2s49waishb1jvimnrskvf6q0pdpfx46-texlive-2024-env-texmfdist/tex/lat
ex/amsmath/amstext.sty
Package: amstext 2021/08/26 v2.01 AMS text

(/nix/store/i2s49waishb1jvimnrskvf6q0pdpfx46-texlive-2024-env-texmfdist/tex/lat
ex/amsmath/amsgen.sty
File: amsgen.sty 1999/11/30 v2.0 generic functions
\@emptytoks=\toks24
\ex@=\dimen152
))
(/nix/store/i2s49waishb1jvimnrskvf6q0pdpfx46-texlive-2024-env-texmfdist/tex/lat
ex/amsmath/amsbsy.sty
Package: amsbsy 1999/11/29 v1.2d Bold Symbols
\pmbraise@=\dimen153
)
(/nix/store/i2s49waishb1jvimnrskvf6q0pdpfx46-texlive-2024-env-texmfdist/tex/lat
ex/amsmath/amsopn.sty
Package: amsopn 2022/04/08 v2.04 operator names
)
\inf@bad=\count283
LaTeX Info: Redefining \frac on input line 233.
\uproot@=\count284
\leftroot@=\count285
LaTeX Info: Redefining \overline on input line 398.
LaTeX Info: Redefining \colon on input line 409.
\classnum@=\count286
\DOTSCASE@=\count287
LaTeX Info: Redefining \ldots on input line 495.
LaTeX Info: Redefining \dots on input line 498.
LaTeX Info: Redefining \cdots on input line 619.
\Mathstrutbox@=\box52
\strutbox@=\box53
LaTeX Info: Redefining \big on input line 721.
LaTeX Info: Redefining \Big on input line 722.
LaTeX Info: Redefining \bigg on input line 723.
LaTeX Info: Redefining \Bigg on input line 724.
\big@size=\dimen154
LaTeX Font Info:    Redeclaring font encoding OML on input line 742.
LaTeX Font Info:    Redeclaring font encoding OMS on input line 743.
\macc@depth=\count288
LaTeX Info: Redefining \bmod on input line 904.
LaTeX Info: Redefining \pmod on input line 909.
LaTeX Info: Redefining \smash on input line 939.
LaTeX Info: Redefining \relbar on input line 969.
LaTeX Info: Redefining \Relbar on input line 970.
\c@MaxMatrixCols=\count289
\dotsspace@=\muskip17
\c@parentequation=\count290
\dspbrk@lvl=\count291
\tag@help=\toks25
\row@=\count292
\column@=\count293
\maxfields@=\count294
\andhelp@=\toks26
\eqnshift@=\dimen155
\alignsep@=\dimen156
\tagshift@=\dimen157
\tagwidth@=\dimen158
\totwidth@=\dimen159
\lineht@=\dimen160
\@envbody=\toks27
\multlinegap=\skip55
\multlinetaggap=\skip56
\mathdisplay@stack=\toks28
LaTeX Info: Redefining \[ on input line 2953.
LaTeX Info: Redefining \] on input line 2954.
)
\g_MT_multlinerow_int=\count295
\l_MT_multwidth_dim=\dimen161
\origjot=\skip57
\l_MT_shortvdotswithinadjustabove_dim=\dimen162
\l_MT_shortvdotswithinadjustbelow_dim=\dimen163
\l_MT_above_intertext_sep=\dimen164
\l_MT_below_intertext_sep=\dimen165
\l_MT_above_shortintertext_sep=\dimen166
\l_MT_below_shortintertext_sep=\dimen167
\xmathstrut@box=\box54
\xmathstrut@dim=\dimen168
)
(/nix/store/i2s49waishb1jvimnrskvf6q0pdpfx46-texlive-2024-env-texmfdist/tex/gen
eric/babel/babel.sty
Package: babel 2024/10/20 v24.12 The multilingual framework for pdfLaTeX, LuaLa
TeX and XeLaTeX
\babel@savecnt=\count296
\U@D=\dimen169
\l@unhyphenated=\language89

(/nix/store/i2s49waishb1jvimnrskvf6q0pdpfx46-texlive-2024-env-texmfdist/tex/gen
eric/babel/txtbabel.def)
\bbl@readstream=\read2
\bbl@dirlevel=\count297

(/nix/store/i2s49waishb1jvimnrskvf6q0pdpfx46-texlive-2024-env-texmfdist/tex/gen
eric/babel-english/english.ldf
Language: english 2017/06/06 v3.3r English support from the babel system
Package babel Info: Hyphen rules for 'canadian' set to \l@english
(babel)             (\language0). Reported on input line 102.
Package babel Info: Hyphen rules for 'australian' set to \l@ukenglish
(babel)             (\language23). Reported on input line 105.
Package babel Info: Hyphen rules for 'newzealand' set to \l@ukenglish
(babel)             (\language23). Reported on input line 108.
)
(/nix/store/i2s49waishb1jvimnrskvf6q0pdpfx46-texlive-2024-env-texmfdist/tex/gen
eric/babel-german/ngerman.ldf
Language: ngerman 2024/01/19 v2.14 German support for babel (post-1996 orthogra
phy)

(/nix/store/i2s49waishb1jvimnrskvf6q0pdpfx46-texlive-2024-env-texmfdist/tex/gen
eric/babel-german/ngermanb.ldf
Language: ngermanb 2024/01/19 v2.14 German support for babel (post-1996 orthogr
aphy)
Package babel Info: Making " an active character on input line 122.
)))
(/nix/store/i2s49waishb1jvimnrskvf6q0pdpfx46-texlive-2024-env-texmfdist/tex/gen
eric/babel/locale/de/babel-ngerman.tex
Package babel Info: Importing font and identification data for ngerman
(babel)             from babel-de.ini. Reported on input line 11.
)
(/nix/store/i2s49waishb1jvimnrskvf6q0pdpfx46-texlive-2024-env-texmfdist/tex/gen
eric/babel/locale/en/babel-english.tex
Package babel Info: Importing font and identification data for english
(babel)             from babel-en.ini. Reported on input line 11.
)
(/nix/store/i2s49waishb1jvimnrskvf6q0pdpfx46-texlive-2024-env-texmfdist/tex/lat
ex/fancyhdr/fancyhdr.sty
Package: fancyhdr 2024/07/23 v4.3.1 Extensive control of page headers and foote
rs
\f@nch@headwidth=\skip58
\f@nch@O@elh=\skip59
\f@nch@O@erh=\skip60
\f@nch@O@olh=\skip61
\f@nch@O@orh=\skip62
\f@nch@O@elf=\skip63
\f@nch@O@erf=\skip64
\f@nch@O@olf=\skip65
\f@nch@O@orf=\skip66
)
(/nix/store/i2s49waishb1jvimnrskvf6q0pdpfx46-texlive-2024-env-texmfdist/tex/lat
ex/float/float.sty
Package: float 2001/11/08 v1.3d Float enhancements (AL)
\c@float@type=\count298
\float@exts=\toks29
\float@box=\box55
\@float@everytoks=\toks30
\@floatcapt=\box56
)
(/nix/store/i2s49waishb1jvimnrskvf6q0pdpfx46-texlive-2024-env-texmfdist/tex/lat
ex/tools/multicol.sty
Package: multicol 2024/05/23 v1.9h multicolumn formatting (FMi)
\c@tracingmulticols=\count299
\mult@box=\box57
\multicol@leftmargin=\dimen170
\c@unbalance=\count300
\c@collectmore=\count301
\doublecol@number=\count302
\multicoltolerance=\count303
\multicolpretolerance=\count304
\full@width=\dimen171
\page@free=\dimen172
\premulticols=\dimen173
\postmulticols=\dimen174
\multicolsep=\skip67
\multicolbaselineskip=\skip68
\partial@page=\box58
\last@line=\box59
\mc@boxedresult=\box60
\maxbalancingoverflow=\dimen175
\mult@rightbox=\box61
\mult@grightbox=\box62
\mult@firstbox=\box63
\mult@gfirstbox=\box64
\@tempa=\box65
\@tempa=\box66
\@tempa=\box67
\@tempa=\box68
\@tempa=\box69
\@tempa=\box70
\@tempa=\box71
\@tempa=\box72
\@tempa=\box73
\@tempa=\box74
\@tempa=\box75
\@tempa=\box76
\@tempa=\box77
\@tempa=\box78
\@tempa=\box79
\@tempa=\box80
\@tempa=\box81
\@tempa=\box82
\@tempa=\box83
\@tempa=\box84
\@tempa=\box85
\@tempa=\box86
\@tempa=\box87
\@tempa=\box88
\@tempa=\box89
\@tempa=\box90
\@tempa=\box91
\@tempa=\box92
\@tempa=\box93
\@tempa=\box94
\@tempa=\box95
\@tempa=\box96
\@tempa=\box97
\@tempa=\box98
\@tempa=\box99
\@tempa=\box100
\c@minrows=\count305
\c@columnbadness=\count306
\c@finalcolumnbadness=\count307
\last@try=\dimen176
\multicolovershoot=\dimen177
\multicolundershoot=\dimen178
\mult@nat@firstbox=\box101
\colbreak@box=\box102
\mc@col@check@num=\count308
)
(/nix/store/i2s49waishb1jvimnrskvf6q0pdpfx46-texlive-2024-env-texmfdist/tex/lat
ex/multirow/multirow.sty
Package: multirow 2021/03/15 v2.8 Span multiple rows of a table
\multirow@colwidth=\skip69
\multirow@cntb=\count309
\multirow@dima=\skip70
\bigstrutjot=\dimen179
)
(/nix/store/i2s49waishb1jvimnrskvf6q0pdpfx46-texlive-2024-env-texmfdist/tex/lat
ex/titling/titling.sty
Package: titling 2009/09/04 v2.1d maketitle typesetting
\thanksmarkwidth=\skip71
\thanksmargin=\skip72
\droptitle=\skip73
)
(/nix/store/i2s49waishb1jvimnrskvf6q0pdpfx46-texlive-2024-env-texmfdist/tex/lat
ex/footmisc/footmisc.sty
Package: footmisc 2023/07/05 v6.0f a miscellany of footnote facilities
\FN@temptoken=\toks31
\footnotemargin=\dimen180
\@outputbox@depth=\dimen181

(/nix/store/i2s49waishb1jvimnrskvf6q0pdpfx46-texlive-2024-env-texmfdist/tex/lat
ex/bigfoot/perpage.sty
Package: perpage 2014/10/25 2.0 Reset/sort counters per page
\c@abspage=\count310
)
\c@pp@a@footnote=\count311
Package footmisc Info: Declaring symbol style bringhurst on input line 696.
Package footmisc Info: Declaring symbol style chicago on input line 704.
Package footmisc Info: Declaring symbol style wiley on input line 713.
Package footmisc Info: Declaring symbol style lamport-robust on input line 724.

Package footmisc Info: Declaring symbol style lamport* on input line 744.
Package footmisc Info: Declaring symbol style lamport*-robust on input line 765
.
)
(/nix/store/i2s49waishb1jvimnrskvf6q0pdpfx46-texlive-2024-env-texmfdist/tex/lat
ex/xcolor/xcolor.sty
Package: xcolor 2024/09/29 v3.02 LaTeX color extensions (UK)

(/nix/store/i2s49waishb1jvimnrskvf6q0pdpfx46-texlive-2024-env-texmfdist/tex/lat
ex/graphics-cfg/color.cfg
File: color.cfg 2016/01/02 v1.6 sample color configuration
)
Package xcolor Info: Driver file: pdftex.def on input line 274.

(/nix/store/i2s49waishb1jvimnrskvf6q0pdpfx46-texlive-2024-env-texmfdist/tex/lat
ex/graphics-def/pdftex.def
File: pdftex.def 2024/04/13 v1.2c Graphics/color driver for pdftex
)
(/nix/store/i2s49waishb1jvimnrskvf6q0pdpfx46-texlive-2024-env-texmfdist/tex/lat
ex/graphics/mathcolor.ltx)
Package xcolor Info: Model `cmy' substituted by `cmy0' on input line 1349.
Package xcolor Info: Model `hsb' substituted by `rgb' on input line 1353.
Package xcolor Info: Model `RGB' extended on input line 1365.
Package xcolor Info: Model `HTML' substituted by `rgb' on input line 1367.
Package xcolor Info: Model `Hsb' substituted by `hsb' on input line 1368.
Package xcolor Info: Model `tHsb' substituted by `hsb' on input line 1369.
Package xcolor Info: Model `HSB' substituted by `hsb' on input line 1370.
Package xcolor Info: Model `Gray' substituted by `gray' on input line 1371.
Package xcolor Info: Model `wave' substituted by `hsb' on input line 1372.
)
(/nix/store/i2s49waishb1jvimnrskvf6q0pdpfx46-texlive-2024-env-texmfdist/tex/lat
ex/graphics/dvipsnam.def
File: dvipsnam.def 2016/06/17 v3.0m Driver-dependent file (DPC,SPQR)
)
(/nix/store/i2s49waishb1jvimnrskvf6q0pdpfx46-texlive-2024-env-texmfdist/tex/lat
ex/hyperref/hyperref.sty
Package: hyperref 2024-07-10 v7.01j Hypertext links for LaTeX

(/nix/store/i2s49waishb1jvimnrskvf6q0pdpfx46-texlive-2024-env-texmfdist/tex/lat
ex/kvsetkeys/kvsetkeys.sty
Package: kvsetkeys 2022-10-05 v1.19 Key value parser (HO)
)
(/nix/store/i2s49waishb1jvimnrskvf6q0pdpfx46-texlive-2024-env-texmfdist/tex/gen
eric/kvdefinekeys/kvdefinekeys.sty
Package: kvdefinekeys 2019-12-19 v1.6 Define keys (HO)
)
(/nix/store/i2s49waishb1jvimnrskvf6q0pdpfx46-texlive-2024-env-texmfdist/tex/gen
eric/pdfescape/pdfescape.sty
Package: pdfescape 2019/12/09 v1.15 Implements pdfTeX's escape features (HO)

(/nix/store/i2s49waishb1jvimnrskvf6q0pdpfx46-texlive-2024-env-texmfdist/tex/gen
eric/ltxcmds/ltxcmds.sty
Package: ltxcmds 2023-12-04 v1.26 LaTeX kernel commands for general use (HO)
)
(/nix/store/i2s49waishb1jvimnrskvf6q0pdpfx46-texlive-2024-env-texmfdist/tex/gen
eric/pdftexcmds/pdftexcmds.sty
Package: pdftexcmds 2020-06-27 v0.33 Utility functions of pdfTeX for LuaTeX (HO
)

(/nix/store/i2s49waishb1jvimnrskvf6q0pdpfx46-texlive-2024-env-texmfdist/tex/gen
eric/infwarerr/infwarerr.sty
Package: infwarerr 2019/12/03 v1.5 Providing info/warning/error messages (HO)
)
Package pdftexcmds Info: \pdf@primitive is available.
Package pdftexcmds Info: \pdf@ifprimitive is available.
Package pdftexcmds Info: \pdfdraftmode found.
))
(/nix/store/i2s49waishb1jvimnrskvf6q0pdpfx46-texlive-2024-env-texmfdist/tex/lat
ex/hycolor/hycolor.sty
Package: hycolor 2020-01-27 v1.10 Color options for hyperref/bookmark (HO)
)
(/nix/store/i2s49waishb1jvimnrskvf6q0pdpfx46-texlive-2024-env-texmfdist/tex/lat
ex/hyperref/nameref.sty
Package: nameref 2023-11-26 v2.56 Cross-referencing by name of section

(/nix/store/i2s49waishb1jvimnrskvf6q0pdpfx46-texlive-2024-env-texmfdist/tex/lat
ex/refcount/refcount.sty
Package: refcount 2019/12/15 v3.6 Data extraction from label references (HO)
)
(/nix/store/i2s49waishb1jvimnrskvf6q0pdpfx46-texlive-2024-env-texmfdist/tex/gen
eric/gettitlestring/gettitlestring.sty
Package: gettitlestring 2019/12/15 v1.6 Cleanup title references (HO)

(/nix/store/i2s49waishb1jvimnrskvf6q0pdpfx46-texlive-2024-env-texmfdist/tex/lat
ex/kvoptions/kvoptions.sty
Package: kvoptions 2022-06-15 v3.15 Key value format for package options (HO)
))
\c@section@level=\count312
)
(/nix/store/i2s49waishb1jvimnrskvf6q0pdpfx46-texlive-2024-env-texmfdist/tex/gen
eric/stringenc/stringenc.sty
Package: stringenc 2019/11/29 v1.12 Convert strings between diff. encodings (HO
)
)
\@linkdim=\dimen182
\Hy@linkcounter=\count313
\Hy@pagecounter=\count314

(/nix/store/i2s49waishb1jvimnrskvf6q0pdpfx46-texlive-2024-env-texmfdist/tex/lat
ex/hyperref/pd1enc.def
File: pd1enc.def 2024-07-10 v7.01j Hyperref: PDFDocEncoding definition (HO)
Now handling font encoding PD1 ...
... no UTF-8 mapping file for font encoding PD1
)
(/nix/store/i2s49waishb1jvimnrskvf6q0pdpfx46-texlive-2024-env-texmfdist/tex/gen
eric/intcalc/intcalc.sty
Package: intcalc 2019/12/15 v1.3 Expandable calculations with integers (HO)
)
\Hy@SavedSpaceFactor=\count315

(/nix/store/i2s49waishb1jvimnrskvf6q0pdpfx46-texlive-2024-env-texmfdist/tex/lat
ex/hyperref/puenc.def
File: puenc.def 2024-07-10 v7.01j Hyperref: PDF Unicode definition (HO)
Now handling font encoding PU ...
... no UTF-8 mapping file for font encoding PU
)
Package hyperref Info: Hyper figures OFF on input line 4157.
Package hyperref Info: Link nesting OFF on input line 4162.
Package hyperref Info: Hyper index ON on input line 4165.
Package hyperref Info: Plain pages OFF on input line 4172.
Package hyperref Info: Backreferencing OFF on input line 4177.
Package hyperref Info: Implicit mode ON; LaTeX internals redefined.
Package hyperref Info: Bookmarks ON on input line 4424.
\c@Hy@tempcnt=\count316

(/nix/store/i2s49waishb1jvimnrskvf6q0pdpfx46-texlive-2024-env-texmfdist/tex/lat
ex/url/url.sty
\Urlmuskip=\muskip18
Package: url 2013/09/16  ver 3.4  Verb mode for urls, etc.
)
LaTeX Info: Redefining \url on input line 4763.
\XeTeXLinkMargin=\dimen183

(/nix/store/i2s49waishb1jvimnrskvf6q0pdpfx46-texlive-2024-env-texmfdist/tex/gen
eric/bitset/bitset.sty
Package: bitset 2019/12/09 v1.3 Handle bit-vector datatype (HO)

(/nix/store/i2s49waishb1jvimnrskvf6q0pdpfx46-texlive-2024-env-texmfdist/tex/gen
eric/bigintcalc/bigintcalc.sty
Package: bigintcalc 2019/12/15 v1.5 Expandable calculations on big integers (HO
)
))
\Fld@menulength=\count317
\Field@Width=\dimen184
\Fld@charsize=\dimen185
Package hyperref Info: Hyper figures OFF on input line 6042.
Package hyperref Info: Link nesting OFF on input line 6047.
Package hyperref Info: Hyper index ON on input line 6050.
Package hyperref Info: backreferencing OFF on input line 6057.
Package hyperref Info: Link coloring OFF on input line 6062.
Package hyperref Info: Link coloring with OCG OFF on input line 6067.
Package hyperref Info: PDF/A mode OFF on input line 6072.

(/nix/store/i2s49waishb1jvimnrskvf6q0pdpfx46-texlive-2024-env-texmfdist/tex/lat
ex/base/atbegshi-ltx.sty
Package: atbegshi-ltx 2021/01/10 v1.0c Emulation of the original atbegshi
package with kernel methods
)
\Hy@abspage=\count318
\c@Item=\count319
\c@Hfootnote=\count320
)
Package hyperref Info: Driver (autodetected): hpdftex.

(/nix/store/i2s49waishb1jvimnrskvf6q0pdpfx46-texlive-2024-env-texmfdist/tex/lat
ex/hyperref/hpdftex.def
File: hpdftex.def 2024-07-10 v7.01j Hyperref driver for pdfTeX

(/nix/store/i2s49waishb1jvimnrskvf6q0pdpfx46-texlive-2024-env-texmfdist/tex/lat
ex/base/atveryend-ltx.sty
Package: atveryend-ltx 2020/08/19 v1.0a Emulation of the original atveryend pac
kage
with kernel methods
)
\Fld@listcount=\count321
\c@bookmark@seq@number=\count322

(/nix/store/i2s49waishb1jvimnrskvf6q0pdpfx46-texlive-2024-env-texmfdist/tex/lat
ex/rerunfilecheck/rerunfilecheck.sty
Package: rerunfilecheck 2022-07-10 v1.10 Rerun checks for auxiliary files (HO)

(/nix/store/i2s49waishb1jvimnrskvf6q0pdpfx46-texlive-2024-env-texmfdist/tex/gen
eric/uniquecounter/uniquecounter.sty
Package: uniquecounter 2019/12/15 v1.4 Provide unlimited unique counter (HO)
)
Package uniquecounter Info: New unique counter `rerunfilecheck' on input line 2
85.
)
\Hy@SectionHShift=\skip74
)
(/nix/store/i2s49waishb1jvimnrskvf6q0pdpfx46-texlive-2024-env-texmfdist/tex/lat
ex/pageslts/pageslts.sty
Package: pageslts 2015/12/21 v1.2f Refers to special pages' numbers/names (HMM)


(/nix/store/i2s49waishb1jvimnrskvf6q0pdpfx46-texlive-2024-env-texmfdist/tex/lat
ex/everyshi/everyshi.sty
Package: everyshi 2020/11/18 v4.00 EveryShipout Package
)
(/nix/store/i2s49waishb1jvimnrskvf6q0pdpfx46-texlive-2024-env-texmfdist/tex/lat
ex/letltxmacro/letltxmacro.sty
Package: letltxmacro 2019/12/03 v1.6 Let assignment for LaTeX macros (HO)
)
(/nix/store/i2s49waishb1jvimnrskvf6q0pdpfx46-texlive-2024-env-texmfdist/tex/lat
ex/undolabl/undolabl.sty
Package: undolabl 2023-02-14 v1.0m Overriding labels (HMM)
)
Package pageslts Info: Option pagecontinue enabled
(pageslts)             (maybe by default):
(pageslts)             The pageslts package will continue the page numbering,
(pageslts)             when the same page numbering scheme is used twice.
(pageslts)             If you do not want this, call pageslts with option
(pageslts)             pagecontinue=false (or use \setcounter{page}=1).
(pageslts)              on input line 179.

(/nix/store/i2s49waishb1jvimnrskvf6q0pdpfx46-texlive-2024-env-texmfdist/tex/gen
eric/alphalph/alphalph.sty
Package: alphalph 2019/12/09 v2.6 Convert numbers to letters (HO)
)
Package pageslts Info: Option romanMult enabled
(pageslts)             (maybe by default):
(pageslts)             The pageslts package will extend the page numbering
(pageslts)             of the roman scheme below i with
(pageslts)             0, -i, -ii, -iii, -iv,...
(pageslts)             If you do not want this, call pageslts with option
(pageslts)             romanMult=false.
(pageslts)              on input line 278.
Package pageslts Info: Option RomanMulti enabled
(pageslts)             (maybe by default):
(pageslts)             The pageslts package will extend the page numbering
(pageslts)             of the Roman scheme below I with
(pageslts)             0, -I, -II, -III, -IV,...
(pageslts)             If you do not want this, call pageslts with option
(pageslts)             RomanMulti=false.
(pageslts)              on input line 300.
Package pageslts Info: Option fnsymbolmult enabled
(pageslts)             (maybe by default):
(pageslts)             The pageslts package will extend the page numbering
(pageslts)             of the footnotesymbol scheme using the alphalph
(pageslts)             package.
(pageslts)             If you do not want this, call pageslts with option
(pageslts)             fnsymbolmult=false.
(pageslts)              on input line 322.
\c@CurrentPage=\count323
\c@pagesLTS.pagenr=\count324
\c@pagesLTS.current.local.0=\count325
\c@pagesLTS.pnc.0=\count326
)
(/nix/store/i2s49waishb1jvimnrskvf6q0pdpfx46-texlive-2024-env-texmfdist/tex/lat
ex/outlines/outlines.sty
Package: outlines 2012/1/23 1.1 Ch. Pecheur

(/nix/store/i2s49waishb1jvimnrskvf6q0pdpfx46-texlive-2024-env-texmfdist/tex/lat
ex/base/ifthen.sty
Package: ifthen 2024/03/16 v1.1e Standard LaTeX ifthen package (DPC)
))
(/nix/store/i2s49waishb1jvimnrskvf6q0pdpfx46-texlive-2024-env-texmfdist/tex/lat
ex/enumitem/enumitem.sty
Package: enumitem 2019/06/20 v3.9 Customized lists
\enitkv@toks@=\toks32
\labelindent=\skip75
\enit@outerparindent=\dimen186
\enit@toks=\toks33
\enit@inbox=\box103
\enit@count@id=\count327
\enitdp@description=\count328
)
(/nix/store/i2s49waishb1jvimnrskvf6q0pdpfx46-texlive-2024-env-texmfdist/tex/lat
ex/booktabs/booktabs.sty
Package: booktabs 2020/01/12 v1.61803398 Publication quality tables
\heavyrulewidth=\dimen187
\lightrulewidth=\dimen188
\cmidrulewidth=\dimen189
\belowrulesep=\dimen190
\belowbottomsep=\dimen191
\aboverulesep=\dimen192
\abovetopsep=\dimen193
\cmidrulesep=\dimen194
\cmidrulekern=\dimen195
\defaultaddspace=\dimen196
\@cmidla=\count329
\@cmidlb=\count330
\@aboverulesep=\dimen197
\@belowrulesep=\dimen198
\@thisruleclass=\count331
\@lastruleclass=\count332
\@thisrulewidth=\dimen199
)
(/nix/store/i2s49waishb1jvimnrskvf6q0pdpfx46-texlive-2024-env-texmfdist/tex/lat
ex/tools/tabularx.sty
Package: tabularx 2023/12/11 v2.12a `tabularx' package (DPC)

(/nix/store/i2s49waishb1jvimnrskvf6q0pdpfx46-texlive-2024-env-texmfdist/tex/lat
ex/tools/array.sty
Package: array 2024/06/14 v2.6d Tabular extension package (FMi)
\col@sep=\dimen256
\ar@mcellbox=\box104
\extrarowheight=\dimen257
\NC@list=\toks34
\extratabsurround=\skip76
\backup@length=\skip77
\ar@cellbox=\box105
)
\TX@col@width=\dimen258
\TX@old@table=\dimen259
\TX@old@col=\dimen260
\TX@target=\dimen261
\TX@delta=\dimen262
\TX@cols=\count333
\TX@ftn=\toks35
)
(/nix/store/i2s49waishb1jvimnrskvf6q0pdpfx46-texlive-2024-env-texmfdist/tex/lat
ex/graphics/graphicx.sty
Package: graphicx 2021/09/16 v1.2d Enhanced LaTeX Graphics (DPC,SPQR)

(/nix/store/i2s49waishb1jvimnrskvf6q0pdpfx46-texlive-2024-env-texmfdist/tex/lat
ex/graphics/graphics.sty
Package: graphics 2024/05/23 v1.4g Standard LaTeX Graphics (DPC,SPQR)

(/nix/store/i2s49waishb1jvimnrskvf6q0pdpfx46-texlive-2024-env-texmfdist/tex/lat
ex/graphics/trig.sty
Package: trig 2023/12/02 v1.11 sin cos tan (DPC)
)
(/nix/store/i2s49waishb1jvimnrskvf6q0pdpfx46-texlive-2024-env-texmfdist/tex/lat
ex/graphics-cfg/graphics.cfg
File: graphics.cfg 2016/06/04 v1.11 sample graphics configuration
)
Package graphics Info: Driver file: pdftex.def on input line 106.
)
\Gin@req@height=\dimen263
\Gin@req@width=\dimen264
)
(/nix/store/i2s49waishb1jvimnrskvf6q0pdpfx46-texlive-2024-env-texmfdist/tex/lat
ex/caption/subcaption.sty
Package: subcaption 2023/07/28 v1.6b Sub-captions (AR)

(/nix/store/i2s49waishb1jvimnrskvf6q0pdpfx46-texlive-2024-env-texmfdist/tex/lat
ex/caption/caption.sty
Package: caption 2023/08/05 v3.6o Customizing captions (AR)

(/nix/store/i2s49waishb1jvimnrskvf6q0pdpfx46-texlive-2024-env-texmfdist/tex/lat
ex/caption/caption3.sty
Package: caption3 2023/07/31 v2.4d caption3 kernel (AR)
\caption@tempdima=\dimen265
\captionmargin=\dimen266
\caption@leftmargin=\dimen267
\caption@rightmargin=\dimen268
\caption@width=\dimen269
\caption@indent=\dimen270
\caption@parindent=\dimen271
\caption@hangindent=\dimen272
Package caption Info: Standard document class detected.
)
\c@caption@flags=\count334
\c@continuedfloat=\count335
Package caption Info: float package is loaded.
Package caption Info: hyperref package is loaded.
)
Package caption Info: New subtype `subfigure' on input line 238.
\c@subfigure=\count336
Package caption Info: New subtype `subtable' on input line 238.
\c@subtable=\count337
)
(/nix/store/i2s49waishb1jvimnrskvf6q0pdpfx46-texlive-2024-env-texmfdist/tex/lat
ex/accsupp/accsupp.sty
Package: accsupp 2019/12/05 v0.6 Accessibility support by marked content (HO)

(/nix/store/i2s49waishb1jvimnrskvf6q0pdpfx46-texlive-2024-env-texmfdist/tex/lat
ex/accsupp/accsupp-pdftex.def
File: accsupp-pdftex.def 2019/12/05 v0.6 accsupp driver for pdfTeX (HO)
))
(/nix/store/i2s49waishb1jvimnrskvf6q0pdpfx46-texlive-2024-env-texmfdist/tex/lat
ex/totalcount/totalcount.sty
Package: totalcount 2018/01/21 v1.0a Total values of counters (AR)
\c@totalcount@figure=\count338
\c@totalcount@table=\count339
\c@totalcount@listing=\count340
)
(/nix/store/i2s49waishb1jvimnrskvf6q0pdpfx46-texlive-2024-env-texmfdist/tex/lat
ex/glossaries/base/glossaries.sty
Package: glossaries 2024/04/03 v4.54 (NLCT)

(/nix/store/i2s49waishb1jvimnrskvf6q0pdpfx46-texlive-2024-env-texmfdist/tex/lat
ex/mfirstuc/mfirstuc.sty
Package: mfirstuc 2022/10/14 v2.08 (NLCT)
\@glsmfirst=\toks36
\@glsmrest=\toks37
)
(/nix/store/i2s49waishb1jvimnrskvf6q0pdpfx46-texlive-2024-env-texmfdist/tex/lat
ex/xfor/xfor.sty
Package: xfor 2009/02/05 v1.05 (NLCT)
)
(/nix/store/i2s49waishb1jvimnrskvf6q0pdpfx46-texlive-2024-env-texmfdist/tex/lat
ex/datatool/datatool-base.sty
Package: datatool-base 2019/09/27 v2.32 (NLCT)

(/nix/store/i2s49waishb1jvimnrskvf6q0pdpfx46-texlive-2024-env-texmfdist/tex/lat
ex/substr/substr.sty
Package: substr 2009/10/20 v1.2 Handle substrings
\c@su@anzahl=\count341
)
(/nix/store/i2s49waishb1jvimnrskvf6q0pdpfx46-texlive-2024-env-texmfdist/tex/lat
ex/datatool/datatool-fp.sty
Package: datatool-fp 2019/09/27 v2.32 (NLCT)

(/nix/store/i2s49waishb1jvimnrskvf6q0pdpfx46-texlive-2024-env-texmfdist/tex/lat
ex/fp/fp.sty
Package: fp 1995/04/02
`Fixed Point Package', Version 0.8, April 2, 1995 (C) Michael Mehlich
(/nix/store/i2s49waishb1jvimnrskvf6q0pdpfx46-texlive-2024-env-texmfdist/tex/lat
ex/fp/defpattern.sty
Package: defpattern 1994/10/12
\actioncount=\count342
)
(/nix/store/i2s49waishb1jvimnrskvf6q0pdpfx46-texlive-2024-env-texmfdist/tex/lat
ex/fp/fp-basic.sty
Package: fp-basic 1996/05/13
\FP@xs=\count343
\FP@xia=\count344
\FP@xib=\count345
\FP@xfa=\count346
\FP@xfb=\count347
\FP@rega=\count348
\FP@regb=\count349
\FP@regs=\count350
\FP@times=\count351
)
(/nix/store/i2s49waishb1jvimnrskvf6q0pdpfx46-texlive-2024-env-texmfdist/tex/lat
ex/fp/fp-addons.sty
Package: fp-addons 1995/03/15
)
(/nix/store/i2s49waishb1jvimnrskvf6q0pdpfx46-texlive-2024-env-texmfdist/tex/lat
ex